\BOOKMARK [1][-]{section.1}{Introduction}{}% 1
\BOOKMARK [2][-]{subsection.1.1}{Timeline}{section.1}% 2
\BOOKMARK [2][-]{subsection.1.2}{Background}{section.1}% 3
\BOOKMARK [2][-]{subsection.1.3}{Hardware Performance Counters}{section.1}% 4
\BOOKMARK [2][-]{subsection.1.4}{Motivation}{section.1}% 5
\BOOKMARK [1][-]{section.2}{Related Work}{}% 6
\BOOKMARK [2][-]{subsection.2.1}{Using Counters for Dynamic Analysis}{section.2}% 7
\BOOKMARK [2][-]{subsection.2.2}{Overhead}{section.2}% 8
\BOOKMARK [2][-]{subsection.2.3}{Counter Accuracy and Nondeterminism}{section.2}% 9
\BOOKMARK [2][-]{subsection.2.4}{Detection Accuracy from Using HPCs}{section.2}% 10
\BOOKMARK [1][-]{section.3}{QEMU}{}% 11
\BOOKMARK [2][-]{subsection.3.1}{Modifications}{section.3}% 12
\BOOKMARK [1][-]{section.4}{KVM and kprof}{}% 13
\BOOKMARK [2][-]{subsection.4.1}{KVM Exits}{section.4}% 14
\BOOKMARK [2][-]{subsection.4.2}{The kprof Module}{section.4}% 15
\BOOKMARK [1][-]{section.5}{Data Collection}{}% 16
\BOOKMARK [1][-]{section.6}{Analysis}{}% 17
\BOOKMARK [2][-]{subsection.6.1}{iozone and Workload Distribution}{section.6}% 18
\BOOKMARK [2][-]{subsection.6.2}{Windows and Linux}{section.6}% 19
\BOOKMARK [1][-]{section.7}{Future Work}{}% 20
\BOOKMARK [2][-]{subsection.7.1}{Open Questions}{section.7}% 21
\BOOKMARK [1][-]{section.8}{Conclusion}{}% 22
